<?xml version="1.0" encoding="UTF-8"?>
<testsuites>
    <testsuite name="coffe-machine-payment-options;the-customer-pays-with-5kr-and-10kr-coins-for-coffee" tests="14" failures="0" skipped="0">
        <properties>
            <property name="URI" value="C:/Users/Max/Desktop/myCoffeMachine/features/coffe-machine-payment.feature">
            </property>
        </properties>
        <testcase name="Given that the machine is plugged in" classname="coffe-machine-payment-options;the-customer-pays-with-5kr-and-10kr-coins-for-coffee" time="0.0007149">
        </testcase>
        <testcase name="And the water is available" classname="coffe-machine-payment-options;the-customer-pays-with-5kr-and-10kr-coins-for-coffee" time="0.000128799">
        </testcase>
        <testcase name="And the waste is available" classname="coffe-machine-payment-options;the-customer-pays-with-5kr-and-10kr-coins-for-coffee" time="0.000258">
        </testcase>
        <testcase name="When the machine has power" classname="coffe-machine-payment-options;the-customer-pays-with-5kr-and-10kr-coins-for-coffee" time="0.000210899">
        </testcase>
        <testcase name="Then press the start &quot;button&quot; to start the machine" classname="coffe-machine-payment-options;the-customer-pays-with-5kr-and-10kr-coins-for-coffee" time="0.000162901">
        </testcase>
        <testcase name="And machine started" classname="coffe-machine-payment-options;the-customer-pays-with-5kr-and-10kr-coins-for-coffee" time="0.000122901">
        </testcase>
        <testcase name="Given there is enough ingrediens for the different coffees" classname="coffe-machine-payment-options;the-customer-pays-with-5kr-and-10kr-coins-for-coffee" time="0.0005809">
        </testcase>
        <testcase name="When the user inserts a 10 kr coin" classname="coffe-machine-payment-options;the-customer-pays-with-5kr-and-10kr-coins-for-coffee" time="0.000173199">
        </testcase>
        <testcase name="And the user inserts a 5 kr coin" classname="coffe-machine-payment-options;the-customer-pays-with-5kr-and-10kr-coins-for-coffee" time="0.0000694">
        </testcase>
        <testcase name="And the user inserts a 0 kr coin" classname="coffe-machine-payment-options;the-customer-pays-with-5kr-and-10kr-coins-for-coffee" time="0.0000862">
        </testcase>
        <testcase name="Then check if there is enough money for the coffee" classname="coffe-machine-payment-options;the-customer-pays-with-5kr-and-10kr-coins-for-coffee" time="0.000171099">
        </testcase>
        <testcase name="And if right amount then activate button for chosen coffee" classname="coffe-machine-payment-options;the-customer-pays-with-5kr-and-10kr-coins-for-coffee" time="0.001547099">
        </testcase>
        <testcase name="And press one of the dispense buttons" classname="coffe-machine-payment-options;the-customer-pays-with-5kr-and-10kr-coins-for-coffee" time="0.0001775">
        </testcase>
        <testcase name="And the user recieves the &quot;regular&quot; that was paid for." classname="coffe-machine-payment-options;the-customer-pays-with-5kr-and-10kr-coins-for-coffee" time="0.000132599">
        </testcase>
    </testsuite>
    <testsuite name="coffe-machine-payment-options;the-customer-pays-with-5kr-and-10kr-coins-for-coffee" tests="14" failures="0" skipped="0">
        <properties>
            <property name="URI" value="C:/Users/Max/Desktop/myCoffeMachine/features/coffe-machine-payment.feature">
            </property>
        </properties>
        <testcase name="Given that the machine is plugged in" classname="coffe-machine-payment-options;the-customer-pays-with-5kr-and-10kr-coins-for-coffee" time="0.0000616">
        </testcase>
        <testcase name="And the water is available" classname="coffe-machine-payment-options;the-customer-pays-with-5kr-and-10kr-coins-for-coffee" time="0.0000494">
        </testcase>
        <testcase name="And the waste is available" classname="coffe-machine-payment-options;the-customer-pays-with-5kr-and-10kr-coins-for-coffee" time="0.0000546">
        </testcase>
        <testcase name="When the machine has power" classname="coffe-machine-payment-options;the-customer-pays-with-5kr-and-10kr-coins-for-coffee" time="0.0000514">
        </testcase>
        <testcase name="Then press the start &quot;button&quot; to start the machine" classname="coffe-machine-payment-options;the-customer-pays-with-5kr-and-10kr-coins-for-coffee" time="0.000060599">
        </testcase>
        <testcase name="And machine started" classname="coffe-machine-payment-options;the-customer-pays-with-5kr-and-10kr-coins-for-coffee" time="0.000050699">
        </testcase>
        <testcase name="Given there is enough ingrediens for the different coffees" classname="coffe-machine-payment-options;the-customer-pays-with-5kr-and-10kr-coins-for-coffee" time="0.000098299">
        </testcase>
        <testcase name="When the user inserts a 5 kr coin" classname="coffe-machine-payment-options;the-customer-pays-with-5kr-and-10kr-coins-for-coffee" time="0.0000624">
        </testcase>
        <testcase name="And the user inserts a 5 kr coin" classname="coffe-machine-payment-options;the-customer-pays-with-5kr-and-10kr-coins-for-coffee" time="0.000058201">
        </testcase>
        <testcase name="And the user inserts a 5 kr coin" classname="coffe-machine-payment-options;the-customer-pays-with-5kr-and-10kr-coins-for-coffee" time="0.0000569">
        </testcase>
        <testcase name="Then check if there is enough money for the coffee" classname="coffe-machine-payment-options;the-customer-pays-with-5kr-and-10kr-coins-for-coffee" time="0.000050399">
        </testcase>
        <testcase name="And if right amount then activate button for chosen coffee" classname="coffe-machine-payment-options;the-customer-pays-with-5kr-and-10kr-coins-for-coffee" time="0.0000485">
        </testcase>
        <testcase name="And press one of the dispense buttons" classname="coffe-machine-payment-options;the-customer-pays-with-5kr-and-10kr-coins-for-coffee" time="0.000077501">
        </testcase>
        <testcase name="And the user recieves the &quot;regular&quot; that was paid for." classname="coffe-machine-payment-options;the-customer-pays-with-5kr-and-10kr-coins-for-coffee" time="0.000044">
        </testcase>
    </testsuite>
    <testsuite name="coffe-machine-payment-options;the-customer-pays-with-5kr-and-10kr-coins-for-coffee" tests="14" failures="0" skipped="0">
        <properties>
            <property name="URI" value="C:/Users/Max/Desktop/myCoffeMachine/features/coffe-machine-payment.feature">
            </property>
        </properties>
        <testcase name="Given that the machine is plugged in" classname="coffe-machine-payment-options;the-customer-pays-with-5kr-and-10kr-coins-for-coffee" time="0.000056301">
        </testcase>
        <testcase name="And the water is available" classname="coffe-machine-payment-options;the-customer-pays-with-5kr-and-10kr-coins-for-coffee" time="0.0000686">
        </testcase>
        <testcase name="And the waste is available" classname="coffe-machine-payment-options;the-customer-pays-with-5kr-and-10kr-coins-for-coffee" time="0.000060601">
        </testcase>
        <testcase name="When the machine has power" classname="coffe-machine-payment-options;the-customer-pays-with-5kr-and-10kr-coins-for-coffee" time="0.000056699">
        </testcase>
        <testcase name="Then press the start &quot;button&quot; to start the machine" classname="coffe-machine-payment-options;the-customer-pays-with-5kr-and-10kr-coins-for-coffee" time="0.0000354">
        </testcase>
        <testcase name="And machine started" classname="coffe-machine-payment-options;the-customer-pays-with-5kr-and-10kr-coins-for-coffee" time="0.0000567">
        </testcase>
        <testcase name="Given there is enough ingrediens for the different coffees" classname="coffe-machine-payment-options;the-customer-pays-with-5kr-and-10kr-coins-for-coffee" time="0.000051">
        </testcase>
        <testcase name="When the user inserts a &quot;annat&quot; kr coin" classname="coffe-machine-payment-options;the-customer-pays-with-5kr-and-10kr-coins-for-coffee" time="0.000619701">
        </testcase>
        <testcase name="And the user inserts a 5 kr coin" classname="coffe-machine-payment-options;the-customer-pays-with-5kr-and-10kr-coins-for-coffee" time="0.000039401">
        </testcase>
        <testcase name="And the user inserts a 0 kr coin" classname="coffe-machine-payment-options;the-customer-pays-with-5kr-and-10kr-coins-for-coffee" time="0.0000917">
        </testcase>
        <testcase name="Then check if there is enough money for the coffee" classname="coffe-machine-payment-options;the-customer-pays-with-5kr-and-10kr-coins-for-coffee" time="0.0001355">
        </testcase>
        <testcase name="And if right amount then activate button for chosen coffee" classname="coffe-machine-payment-options;the-customer-pays-with-5kr-and-10kr-coins-for-coffee" time="0.0000544">
        </testcase>
        <testcase name="And press one of the dispense buttons" classname="coffe-machine-payment-options;the-customer-pays-with-5kr-and-10kr-coins-for-coffee" time="0.000041201">
        </testcase>
        <testcase name="And the user recieves the &quot;regular&quot; that was paid for." classname="coffe-machine-payment-options;the-customer-pays-with-5kr-and-10kr-coins-for-coffee" time="0.000038999">
        </testcase>
    </testsuite>
    <testsuite name="coffe-machine-payment-options;the-customer-pays-with-5kr-and-10kr-coins-for-coffee" tests="14" failures="0" skipped="0">
        <properties>
            <property name="URI" value="C:/Users/Max/Desktop/myCoffeMachine/features/coffe-machine-payment.feature">
            </property>
        </properties>
        <testcase name="Given that the machine is plugged in" classname="coffe-machine-payment-options;the-customer-pays-with-5kr-and-10kr-coins-for-coffee" time="0.000059801">
        </testcase>
        <testcase name="And the water is available" classname="coffe-machine-payment-options;the-customer-pays-with-5kr-and-10kr-coins-for-coffee" time="0.000063999">
        </testcase>
        <testcase name="And the waste is available" classname="coffe-machine-payment-options;the-customer-pays-with-5kr-and-10kr-coins-for-coffee" time="0.000048499">
        </testcase>
        <testcase name="When the machine has power" classname="coffe-machine-payment-options;the-customer-pays-with-5kr-and-10kr-coins-for-coffee" time="0.000042999">
        </testcase>
        <testcase name="Then press the start &quot;button&quot; to start the machine" classname="coffe-machine-payment-options;the-customer-pays-with-5kr-and-10kr-coins-for-coffee" time="0.000036601">
        </testcase>
        <testcase name="And machine started" classname="coffe-machine-payment-options;the-customer-pays-with-5kr-and-10kr-coins-for-coffee" time="0.0000428">
        </testcase>
        <testcase name="Given there is enough ingrediens for the different coffees" classname="coffe-machine-payment-options;the-customer-pays-with-5kr-and-10kr-coins-for-coffee" time="0.000088601">
        </testcase>
        <testcase name="When the user inserts a 10 kr coin" classname="coffe-machine-payment-options;the-customer-pays-with-5kr-and-10kr-coins-for-coffee" time="0.000063499">
        </testcase>
        <testcase name="And the user inserts a 5 kr coin" classname="coffe-machine-payment-options;the-customer-pays-with-5kr-and-10kr-coins-for-coffee" time="0.000064599">
        </testcase>
        <testcase name="And the user inserts a 5 kr coin" classname="coffe-machine-payment-options;the-customer-pays-with-5kr-and-10kr-coins-for-coffee" time="0.000054701">
        </testcase>
        <testcase name="Then check if there is enough money for the coffee" classname="coffe-machine-payment-options;the-customer-pays-with-5kr-and-10kr-coins-for-coffee" time="0.0000514">
        </testcase>
        <testcase name="And if right amount then activate button for chosen coffee" classname="coffe-machine-payment-options;the-customer-pays-with-5kr-and-10kr-coins-for-coffee" time="0.0000931">
        </testcase>
        <testcase name="And press one of the dispense buttons" classname="coffe-machine-payment-options;the-customer-pays-with-5kr-and-10kr-coins-for-coffee" time="0.0000576">
        </testcase>
        <testcase name="And the user recieves the &quot;mocha&quot; that was paid for." classname="coffe-machine-payment-options;the-customer-pays-with-5kr-and-10kr-coins-for-coffee" time="0.000109701">
        </testcase>
    </testsuite>
    <testsuite name="coffe-machine-payment-options;the-customer-pays-with-5kr-and-10kr-coins-for-coffee" tests="14" failures="0" skipped="0">
        <properties>
            <property name="URI" value="C:/Users/Max/Desktop/myCoffeMachine/features/coffe-machine-payment.feature">
            </property>
        </properties>
        <testcase name="Given that the machine is plugged in" classname="coffe-machine-payment-options;the-customer-pays-with-5kr-and-10kr-coins-for-coffee" time="0.0000846">
        </testcase>
        <testcase name="And the water is available" classname="coffe-machine-payment-options;the-customer-pays-with-5kr-and-10kr-coins-for-coffee" time="0.000058201">
        </testcase>
        <testcase name="And the waste is available" classname="coffe-machine-payment-options;the-customer-pays-with-5kr-and-10kr-coins-for-coffee" time="0.000048001">
        </testcase>
        <testcase name="When the machine has power" classname="coffe-machine-payment-options;the-customer-pays-with-5kr-and-10kr-coins-for-coffee" time="0.000044">
        </testcase>
        <testcase name="Then press the start &quot;button&quot; to start the machine" classname="coffe-machine-payment-options;the-customer-pays-with-5kr-and-10kr-coins-for-coffee" time="0.000032601">
        </testcase>
        <testcase name="And machine started" classname="coffe-machine-payment-options;the-customer-pays-with-5kr-and-10kr-coins-for-coffee" time="0.0000557">
        </testcase>
        <testcase name="Given there is enough ingrediens for the different coffees" classname="coffe-machine-payment-options;the-customer-pays-with-5kr-and-10kr-coins-for-coffee" time="0.000069701">
        </testcase>
        <testcase name="When the user inserts a 10 kr coin" classname="coffe-machine-payment-options;the-customer-pays-with-5kr-and-10kr-coins-for-coffee" time="0.000056201">
        </testcase>
        <testcase name="And the user inserts a 10 kr coin" classname="coffe-machine-payment-options;the-customer-pays-with-5kr-and-10kr-coins-for-coffee" time="0.000048401">
        </testcase>
        <testcase name="And the user inserts a 0 kr coin" classname="coffe-machine-payment-options;the-customer-pays-with-5kr-and-10kr-coins-for-coffee" time="0.000040899">
        </testcase>
        <testcase name="Then check if there is enough money for the coffee" classname="coffe-machine-payment-options;the-customer-pays-with-5kr-and-10kr-coins-for-coffee" time="0.000054799">
        </testcase>
        <testcase name="And if right amount then activate button for chosen coffee" classname="coffe-machine-payment-options;the-customer-pays-with-5kr-and-10kr-coins-for-coffee" time="0.0000673">
        </testcase>
        <testcase name="And press one of the dispense buttons" classname="coffe-machine-payment-options;the-customer-pays-with-5kr-and-10kr-coins-for-coffee" time="0.000052899">
        </testcase>
        <testcase name="And the user recieves the &quot;mocha&quot; that was paid for." classname="coffe-machine-payment-options;the-customer-pays-with-5kr-and-10kr-coins-for-coffee" time="0.000030801">
        </testcase>
    </testsuite>
    <testsuite name="coffe-machine-payment-options;the-customer-pays-with-5kr-and-10kr-coins-for-coffee" tests="14" failures="0" skipped="0">
        <properties>
            <property name="URI" value="C:/Users/Max/Desktop/myCoffeMachine/features/coffe-machine-payment.feature">
            </property>
        </properties>
        <testcase name="Given that the machine is plugged in" classname="coffe-machine-payment-options;the-customer-pays-with-5kr-and-10kr-coins-for-coffee" time="0.0000614">
        </testcase>
        <testcase name="And the water is available" classname="coffe-machine-payment-options;the-customer-pays-with-5kr-and-10kr-coins-for-coffee" time="0.0000594">
        </testcase>
        <testcase name="And the waste is available" classname="coffe-machine-payment-options;the-customer-pays-with-5kr-and-10kr-coins-for-coffee" time="0.000040701">
        </testcase>
        <testcase name="When the machine has power" classname="coffe-machine-payment-options;the-customer-pays-with-5kr-and-10kr-coins-for-coffee" time="0.000036199">
        </testcase>
        <testcase name="Then press the start &quot;button&quot; to start the machine" classname="coffe-machine-payment-options;the-customer-pays-with-5kr-and-10kr-coins-for-coffee" time="0.0000443">
        </testcase>
        <testcase name="And machine started" classname="coffe-machine-payment-options;the-customer-pays-with-5kr-and-10kr-coins-for-coffee" time="0.000090699">
        </testcase>
        <testcase name="Given there is enough ingrediens for the different coffees" classname="coffe-machine-payment-options;the-customer-pays-with-5kr-and-10kr-coins-for-coffee" time="0.000067501">
        </testcase>
        <testcase name="When the user inserts a &quot;annat&quot; kr coin" classname="coffe-machine-payment-options;the-customer-pays-with-5kr-and-10kr-coins-for-coffee" time="0.0001066">
        </testcase>
        <testcase name="And the user inserts a 10 kr coin" classname="coffe-machine-payment-options;the-customer-pays-with-5kr-and-10kr-coins-for-coffee" time="0.0000496">
        </testcase>
        <testcase name="And the user inserts a 10 kr coin" classname="coffe-machine-payment-options;the-customer-pays-with-5kr-and-10kr-coins-for-coffee" time="0.000042">
        </testcase>
        <testcase name="Then check if there is enough money for the coffee" classname="coffe-machine-payment-options;the-customer-pays-with-5kr-and-10kr-coins-for-coffee" time="0.000082899">
        </testcase>
        <testcase name="And if right amount then activate button for chosen coffee" classname="coffe-machine-payment-options;the-customer-pays-with-5kr-and-10kr-coins-for-coffee" time="0.0000479">
        </testcase>
        <testcase name="And press one of the dispense buttons" classname="coffe-machine-payment-options;the-customer-pays-with-5kr-and-10kr-coins-for-coffee" time="0.000040799">
        </testcase>
        <testcase name="And the user recieves the &quot;mocha&quot; that was paid for." classname="coffe-machine-payment-options;the-customer-pays-with-5kr-and-10kr-coins-for-coffee" time="0.0000327">
        </testcase>
    </testsuite>
    <testsuite name="coffe-machine-payment-options;the-customer-pays-with-5kr-and-10kr-coins-for-coffee" tests="14" failures="0" skipped="0">
        <properties>
            <property name="URI" value="C:/Users/Max/Desktop/myCoffeMachine/features/coffe-machine-payment.feature">
            </property>
        </properties>
        <testcase name="Given that the machine is plugged in" classname="coffe-machine-payment-options;the-customer-pays-with-5kr-and-10kr-coins-for-coffee" time="0.0001603">
        </testcase>
        <testcase name="And the water is available" classname="coffe-machine-payment-options;the-customer-pays-with-5kr-and-10kr-coins-for-coffee" time="0.000891101">
        </testcase>
        <testcase name="And the waste is available" classname="coffe-machine-payment-options;the-customer-pays-with-5kr-and-10kr-coins-for-coffee" time="0.000050401">
        </testcase>
        <testcase name="When the machine has power" classname="coffe-machine-payment-options;the-customer-pays-with-5kr-and-10kr-coins-for-coffee" time="0.0000417">
        </testcase>
        <testcase name="Then press the start &quot;button&quot; to start the machine" classname="coffe-machine-payment-options;the-customer-pays-with-5kr-and-10kr-coins-for-coffee" time="0.000035501">
        </testcase>
        <testcase name="And machine started" classname="coffe-machine-payment-options;the-customer-pays-with-5kr-and-10kr-coins-for-coffee" time="0.000050799">
        </testcase>
        <testcase name="Given there is enough ingrediens for the different coffees" classname="coffe-machine-payment-options;the-customer-pays-with-5kr-and-10kr-coins-for-coffee" time="0.0000783">
        </testcase>
        <testcase name="When the user inserts a 10 kr coin" classname="coffe-machine-payment-options;the-customer-pays-with-5kr-and-10kr-coins-for-coffee" time="0.0000513">
        </testcase>
        <testcase name="And the user inserts a 5 kr coin" classname="coffe-machine-payment-options;the-customer-pays-with-5kr-and-10kr-coins-for-coffee" time="0.000060399">
        </testcase>
        <testcase name="And the user inserts a 5 kr coin" classname="coffe-machine-payment-options;the-customer-pays-with-5kr-and-10kr-coins-for-coffee" time="0.0000514">
        </testcase>
        <testcase name="Then check if there is enough money for the coffee" classname="coffe-machine-payment-options;the-customer-pays-with-5kr-and-10kr-coins-for-coffee" time="0.0000504">
        </testcase>
        <testcase name="And if right amount then activate button for chosen coffee" classname="coffe-machine-payment-options;the-customer-pays-with-5kr-and-10kr-coins-for-coffee" time="0.000052">
        </testcase>
        <testcase name="And press one of the dispense buttons" classname="coffe-machine-payment-options;the-customer-pays-with-5kr-and-10kr-coins-for-coffee" time="0.000056299">
        </testcase>
        <testcase name="And the user recieves the &quot;latte&quot; that was paid for." classname="coffe-machine-payment-options;the-customer-pays-with-5kr-and-10kr-coins-for-coffee" time="0.0000316">
        </testcase>
    </testsuite>
    <testsuite name="coffe-machine-payment-options;the-customer-pays-with-5kr-and-10kr-coins-for-coffee" tests="14" failures="0" skipped="0">
        <properties>
            <property name="URI" value="C:/Users/Max/Desktop/myCoffeMachine/features/coffe-machine-payment.feature">
            </property>
        </properties>
        <testcase name="Given that the machine is plugged in" classname="coffe-machine-payment-options;the-customer-pays-with-5kr-and-10kr-coins-for-coffee" time="0.000046801">
        </testcase>
        <testcase name="And the water is available" classname="coffe-machine-payment-options;the-customer-pays-with-5kr-and-10kr-coins-for-coffee" time="0.000060499">
        </testcase>
        <testcase name="And the waste is available" classname="coffe-machine-payment-options;the-customer-pays-with-5kr-and-10kr-coins-for-coffee" time="0.000046899">
        </testcase>
        <testcase name="When the machine has power" classname="coffe-machine-payment-options;the-customer-pays-with-5kr-and-10kr-coins-for-coffee" time="0.000044499">
        </testcase>
        <testcase name="Then press the start &quot;button&quot; to start the machine" classname="coffe-machine-payment-options;the-customer-pays-with-5kr-and-10kr-coins-for-coffee" time="0.000033201">
        </testcase>
        <testcase name="And machine started" classname="coffe-machine-payment-options;the-customer-pays-with-5kr-and-10kr-coins-for-coffee" time="0.000042">
        </testcase>
        <testcase name="Given there is enough ingrediens for the different coffees" classname="coffe-machine-payment-options;the-customer-pays-with-5kr-and-10kr-coins-for-coffee" time="0.0000658">
        </testcase>
        <testcase name="When the user inserts a 10 kr coin" classname="coffe-machine-payment-options;the-customer-pays-with-5kr-and-10kr-coins-for-coffee" time="0.000064399">
        </testcase>
        <testcase name="And the user inserts a 10 kr coin" classname="coffe-machine-payment-options;the-customer-pays-with-5kr-and-10kr-coins-for-coffee" time="0.0000573">
        </testcase>
        <testcase name="And the user inserts a 0 kr coin" classname="coffe-machine-payment-options;the-customer-pays-with-5kr-and-10kr-coins-for-coffee" time="0.000081001">
        </testcase>
        <testcase name="Then check if there is enough money for the coffee" classname="coffe-machine-payment-options;the-customer-pays-with-5kr-and-10kr-coins-for-coffee" time="0.0000522">
        </testcase>
        <testcase name="And if right amount then activate button for chosen coffee" classname="coffe-machine-payment-options;the-customer-pays-with-5kr-and-10kr-coins-for-coffee" time="0.000047001">
        </testcase>
        <testcase name="And press one of the dispense buttons" classname="coffe-machine-payment-options;the-customer-pays-with-5kr-and-10kr-coins-for-coffee" time="0.000068001">
        </testcase>
        <testcase name="And the user recieves the &quot;latte&quot; that was paid for." classname="coffe-machine-payment-options;the-customer-pays-with-5kr-and-10kr-coins-for-coffee" time="0.0000285">
        </testcase>
    </testsuite>
    <testsuite name="coffe-machine-payment-options;the-customer-pays-with-5kr-and-10kr-coins-for-coffee" tests="14" failures="0" skipped="0">
        <properties>
            <property name="URI" value="C:/Users/Max/Desktop/myCoffeMachine/features/coffe-machine-payment.feature">
            </property>
        </properties>
        <testcase name="Given that the machine is plugged in" classname="coffe-machine-payment-options;the-customer-pays-with-5kr-and-10kr-coins-for-coffee" time="0.000049399">
        </testcase>
        <testcase name="And the water is available" classname="coffe-machine-payment-options;the-customer-pays-with-5kr-and-10kr-coins-for-coffee" time="0.000119101">
        </testcase>
        <testcase name="And the waste is available" classname="coffe-machine-payment-options;the-customer-pays-with-5kr-and-10kr-coins-for-coffee" time="0.000048699">
        </testcase>
        <testcase name="When the machine has power" classname="coffe-machine-payment-options;the-customer-pays-with-5kr-and-10kr-coins-for-coffee" time="0.0000419">
        </testcase>
        <testcase name="Then press the start &quot;button&quot; to start the machine" classname="coffe-machine-payment-options;the-customer-pays-with-5kr-and-10kr-coins-for-coffee" time="0.000029701">
        </testcase>
        <testcase name="And machine started" classname="coffe-machine-payment-options;the-customer-pays-with-5kr-and-10kr-coins-for-coffee" time="0.0000592">
        </testcase>
        <testcase name="Given there is enough ingrediens for the different coffees" classname="coffe-machine-payment-options;the-customer-pays-with-5kr-and-10kr-coins-for-coffee" time="0.000108501">
        </testcase>
        <testcase name="When the user inserts a &quot;annat&quot; kr coin" classname="coffe-machine-payment-options;the-customer-pays-with-5kr-and-10kr-coins-for-coffee" time="0.0001932">
        </testcase>
        <testcase name="And the user inserts a 10 kr coin" classname="coffe-machine-payment-options;the-customer-pays-with-5kr-and-10kr-coins-for-coffee" time="0.0000556">
        </testcase>
        <testcase name="And the user inserts a 10 kr coin" classname="coffe-machine-payment-options;the-customer-pays-with-5kr-and-10kr-coins-for-coffee" time="0.0000802">
        </testcase>
        <testcase name="Then check if there is enough money for the coffee" classname="coffe-machine-payment-options;the-customer-pays-with-5kr-and-10kr-coins-for-coffee" time="0.000065899">
        </testcase>
        <testcase name="And if right amount then activate button for chosen coffee" classname="coffe-machine-payment-options;the-customer-pays-with-5kr-and-10kr-coins-for-coffee" time="0.000052801">
        </testcase>
        <testcase name="And press one of the dispense buttons" classname="coffe-machine-payment-options;the-customer-pays-with-5kr-and-10kr-coins-for-coffee" time="0.000048299">
        </testcase>
        <testcase name="And the user recieves the &quot;latte&quot; that was paid for." classname="coffe-machine-payment-options;the-customer-pays-with-5kr-and-10kr-coins-for-coffee" time="0.0000569">
        </testcase>
    </testsuite>
    <testsuite name="coffe-machine-payment-options;the-customer-pays-with-5kr-and-10kr-coins-for-coffee" tests="14" failures="0" skipped="0">
        <properties>
            <property name="URI" value="C:/Users/Max/Desktop/myCoffeMachine/features/coffe-machine-payment.feature">
            </property>
        </properties>
        <testcase name="Given that the machine is plugged in" classname="coffe-machine-payment-options;the-customer-pays-with-5kr-and-10kr-coins-for-coffee" time="0.000062599">
        </testcase>
        <testcase name="And the water is available" classname="coffe-machine-payment-options;the-customer-pays-with-5kr-and-10kr-coins-for-coffee" time="0.0000635">
        </testcase>
        <testcase name="And the waste is available" classname="coffe-machine-payment-options;the-customer-pays-with-5kr-and-10kr-coins-for-coffee" time="0.0000594">
        </testcase>
        <testcase name="When the machine has power" classname="coffe-machine-payment-options;the-customer-pays-with-5kr-and-10kr-coins-for-coffee" time="0.000058201">
        </testcase>
        <testcase name="Then press the start &quot;button&quot; to start the machine" classname="coffe-machine-payment-options;the-customer-pays-with-5kr-and-10kr-coins-for-coffee" time="0.0000345">
        </testcase>
        <testcase name="And machine started" classname="coffe-machine-payment-options;the-customer-pays-with-5kr-and-10kr-coins-for-coffee" time="0.000057899">
        </testcase>
        <testcase name="Given there is enough ingrediens for the different coffees" classname="coffe-machine-payment-options;the-customer-pays-with-5kr-and-10kr-coins-for-coffee" time="0.0000953">
        </testcase>
        <testcase name="When the user inserts a 5 kr coin" classname="coffe-machine-payment-options;the-customer-pays-with-5kr-and-10kr-coins-for-coffee" time="0.000041">
        </testcase>
        <testcase name="And the user inserts a 5 kr coin" classname="coffe-machine-payment-options;the-customer-pays-with-5kr-and-10kr-coins-for-coffee" time="0.0000575">
        </testcase>
        <testcase name="And the user inserts a 0 kr coin" classname="coffe-machine-payment-options;the-customer-pays-with-5kr-and-10kr-coins-for-coffee" time="0.000052301">
        </testcase>
        <testcase name="Then check if there is enough money for the coffee" classname="coffe-machine-payment-options;the-customer-pays-with-5kr-and-10kr-coins-for-coffee" time="0.000043199">
        </testcase>
        <testcase name="And if right amount then activate button for chosen coffee" classname="coffe-machine-payment-options;the-customer-pays-with-5kr-and-10kr-coins-for-coffee" time="0.0000664">
        </testcase>
        <testcase name="And press one of the dispense buttons" classname="coffe-machine-payment-options;the-customer-pays-with-5kr-and-10kr-coins-for-coffee" time="0.000048701">
        </testcase>
        <testcase name="And the user recieves the &quot;nothing&quot; that was paid for." classname="coffe-machine-payment-options;the-customer-pays-with-5kr-and-10kr-coins-for-coffee" time="0.0000273">
        </testcase>
    </testsuite>
    <testsuite name="coffe-machine-payment-options;the-customer-pays-with-5kr-and-10kr-coins-for-coffee" tests="14" failures="0" skipped="0">
        <properties>
            <property name="URI" value="C:/Users/Max/Desktop/myCoffeMachine/features/coffe-machine-payment.feature">
            </property>
        </properties>
        <testcase name="Given that the machine is plugged in" classname="coffe-machine-payment-options;the-customer-pays-with-5kr-and-10kr-coins-for-coffee" time="0.000043199">
        </testcase>
        <testcase name="And the water is available" classname="coffe-machine-payment-options;the-customer-pays-with-5kr-and-10kr-coins-for-coffee" time="0.000046099">
        </testcase>
        <testcase name="And the waste is available" classname="coffe-machine-payment-options;the-customer-pays-with-5kr-and-10kr-coins-for-coffee" time="0.000050999">
        </testcase>
        <testcase name="When the machine has power" classname="coffe-machine-payment-options;the-customer-pays-with-5kr-and-10kr-coins-for-coffee" time="0.000062299">
        </testcase>
        <testcase name="Then press the start &quot;button&quot; to start the machine" classname="coffe-machine-payment-options;the-customer-pays-with-5kr-and-10kr-coins-for-coffee" time="0.0000301">
        </testcase>
        <testcase name="And machine started" classname="coffe-machine-payment-options;the-customer-pays-with-5kr-and-10kr-coins-for-coffee" time="0.000034">
        </testcase>
        <testcase name="Given there is enough ingrediens for the different coffees" classname="coffe-machine-payment-options;the-customer-pays-with-5kr-and-10kr-coins-for-coffee" time="0.000065499">
        </testcase>
        <testcase name="When the user inserts a 10 kr coin" classname="coffe-machine-payment-options;the-customer-pays-with-5kr-and-10kr-coins-for-coffee" time="0.0000343">
        </testcase>
        <testcase name="And the user inserts a 0 kr coin" classname="coffe-machine-payment-options;the-customer-pays-with-5kr-and-10kr-coins-for-coffee" time="0.0000444">
        </testcase>
        <testcase name="And the user inserts a 0 kr coin" classname="coffe-machine-payment-options;the-customer-pays-with-5kr-and-10kr-coins-for-coffee" time="0.000065401">
        </testcase>
        <testcase name="Then check if there is enough money for the coffee" classname="coffe-machine-payment-options;the-customer-pays-with-5kr-and-10kr-coins-for-coffee" time="0.000054201">
        </testcase>
        <testcase name="And if right amount then activate button for chosen coffee" classname="coffe-machine-payment-options;the-customer-pays-with-5kr-and-10kr-coins-for-coffee" time="0.0000461">
        </testcase>
        <testcase name="And press one of the dispense buttons" classname="coffe-machine-payment-options;the-customer-pays-with-5kr-and-10kr-coins-for-coffee" time="0.000092301">
        </testcase>
        <testcase name="And the user recieves the &quot;nothing&quot; that was paid for." classname="coffe-machine-payment-options;the-customer-pays-with-5kr-and-10kr-coins-for-coffee" time="0.000037899">
        </testcase>
    </testsuite>
    <testsuite name="coffe-machine-payment-options;the-customer-pays-with-5kr-and-10kr-coins-for-coffee" tests="14" failures="0" skipped="0">
        <properties>
            <property name="URI" value="C:/Users/Max/Desktop/myCoffeMachine/features/coffe-machine-payment.feature">
            </property>
        </properties>
        <testcase name="Given that the machine is plugged in" classname="coffe-machine-payment-options;the-customer-pays-with-5kr-and-10kr-coins-for-coffee" time="0.000056301">
        </testcase>
        <testcase name="And the water is available" classname="coffe-machine-payment-options;the-customer-pays-with-5kr-and-10kr-coins-for-coffee" time="0.0000993">
        </testcase>
        <testcase name="And the waste is available" classname="coffe-machine-payment-options;the-customer-pays-with-5kr-and-10kr-coins-for-coffee" time="0.0000496">
        </testcase>
        <testcase name="When the machine has power" classname="coffe-machine-payment-options;the-customer-pays-with-5kr-and-10kr-coins-for-coffee" time="0.0000493">
        </testcase>
        <testcase name="Then press the start &quot;button&quot; to start the machine" classname="coffe-machine-payment-options;the-customer-pays-with-5kr-and-10kr-coins-for-coffee" time="0.0000306">
        </testcase>
        <testcase name="And machine started" classname="coffe-machine-payment-options;the-customer-pays-with-5kr-and-10kr-coins-for-coffee" time="0.0000387">
        </testcase>
        <testcase name="Given there is enough ingrediens for the different coffees" classname="coffe-machine-payment-options;the-customer-pays-with-5kr-and-10kr-coins-for-coffee" time="0.0000786">
        </testcase>
        <testcase name="When the user inserts a &quot;annat&quot; kr coin" classname="coffe-machine-payment-options;the-customer-pays-with-5kr-and-10kr-coins-for-coffee" time="0.0001618">
        </testcase>
        <testcase name="And the user inserts a 5 kr coin" classname="coffe-machine-payment-options;the-customer-pays-with-5kr-and-10kr-coins-for-coffee" time="0.000042">
        </testcase>
        <testcase name="And the user inserts a 5 kr coin" classname="coffe-machine-payment-options;the-customer-pays-with-5kr-and-10kr-coins-for-coffee" time="0.000052199">
        </testcase>
        <testcase name="Then check if there is enough money for the coffee" classname="coffe-machine-payment-options;the-customer-pays-with-5kr-and-10kr-coins-for-coffee" time="0.001631001">
        </testcase>
        <testcase name="And if right amount then activate button for chosen coffee" classname="coffe-machine-payment-options;the-customer-pays-with-5kr-and-10kr-coins-for-coffee" time="0.0000497">
        </testcase>
        <testcase name="And press one of the dispense buttons" classname="coffe-machine-payment-options;the-customer-pays-with-5kr-and-10kr-coins-for-coffee" time="0.0000476">
        </testcase>
        <testcase name="And the user recieves the &quot;nothing&quot; that was paid for." classname="coffe-machine-payment-options;the-customer-pays-with-5kr-and-10kr-coins-for-coffee" time="0.000029599">
        </testcase>
    </testsuite>
    <testsuite name="coffe-machine-payment-options;the-customer-pays-with-5kr-and-10kr-coins-for-coffee" tests="14" failures="0" skipped="0">
        <properties>
            <property name="URI" value="C:/Users/Max/Desktop/myCoffeMachine/features/coffe-machine-payment.feature">
            </property>
        </properties>
        <testcase name="Given that the machine is plugged in" classname="coffe-machine-payment-options;the-customer-pays-with-5kr-and-10kr-coins-for-coffee" time="0.0000563">
        </testcase>
        <testcase name="And the water is available" classname="coffe-machine-payment-options;the-customer-pays-with-5kr-and-10kr-coins-for-coffee" time="0.000054701">
        </testcase>
        <testcase name="And the waste is available" classname="coffe-machine-payment-options;the-customer-pays-with-5kr-and-10kr-coins-for-coffee" time="0.000044201">
        </testcase>
        <testcase name="When the machine has power" classname="coffe-machine-payment-options;the-customer-pays-with-5kr-and-10kr-coins-for-coffee" time="0.0000403">
        </testcase>
        <testcase name="Then press the start &quot;button&quot; to start the machine" classname="coffe-machine-payment-options;the-customer-pays-with-5kr-and-10kr-coins-for-coffee" time="0.0000301">
        </testcase>
        <testcase name="And machine started" classname="coffe-machine-payment-options;the-customer-pays-with-5kr-and-10kr-coins-for-coffee" time="0.0000959">
        </testcase>
        <testcase name="Given there is enough ingrediens for the different coffees" classname="coffe-machine-payment-options;the-customer-pays-with-5kr-and-10kr-coins-for-coffee" time="0.000114399">
        </testcase>
        <testcase name="When the user inserts a &quot;annat&quot; kr coin" classname="coffe-machine-payment-options;the-customer-pays-with-5kr-and-10kr-coins-for-coffee" time="0.0001375">
        </testcase>
        <testcase name="And the user inserts a 10 kr coin" classname="coffe-machine-payment-options;the-customer-pays-with-5kr-and-10kr-coins-for-coffee" time="0.000050899">
        </testcase>
        <testcase name="And the user inserts a 0 kr coin" classname="coffe-machine-payment-options;the-customer-pays-with-5kr-and-10kr-coins-for-coffee" time="0.000045101">
        </testcase>
        <testcase name="Then check if there is enough money for the coffee" classname="coffe-machine-payment-options;the-customer-pays-with-5kr-and-10kr-coins-for-coffee" time="0.000041199">
        </testcase>
        <testcase name="And if right amount then activate button for chosen coffee" classname="coffe-machine-payment-options;the-customer-pays-with-5kr-and-10kr-coins-for-coffee" time="0.0000539">
        </testcase>
        <testcase name="And press one of the dispense buttons" classname="coffe-machine-payment-options;the-customer-pays-with-5kr-and-10kr-coins-for-coffee" time="0.000041501">
        </testcase>
        <testcase name="And the user recieves the &quot;nothing&quot; that was paid for." classname="coffe-machine-payment-options;the-customer-pays-with-5kr-and-10kr-coins-for-coffee" time="0.0000479">
        </testcase>
    </testsuite>
    <testsuite name="coffe-machine-payment-options;the-customer-pays-with-5kr-and-10kr-coins-for-coffee" tests="14" failures="0" skipped="0">
        <properties>
            <property name="URI" value="C:/Users/Max/Desktop/myCoffeMachine/features/coffe-machine-payment.feature">
            </property>
        </properties>
        <testcase name="Given that the machine is plugged in" classname="coffe-machine-payment-options;the-customer-pays-with-5kr-and-10kr-coins-for-coffee" time="0.0000516">
        </testcase>
        <testcase name="And the water is available" classname="coffe-machine-payment-options;the-customer-pays-with-5kr-and-10kr-coins-for-coffee" time="0.0000573">
        </testcase>
        <testcase name="And the waste is available" classname="coffe-machine-payment-options;the-customer-pays-with-5kr-and-10kr-coins-for-coffee" time="0.000046899">
        </testcase>
        <testcase name="When the machine has power" classname="coffe-machine-payment-options;the-customer-pays-with-5kr-and-10kr-coins-for-coffee" time="0.000043299">
        </testcase>
        <testcase name="Then press the start &quot;button&quot; to start the machine" classname="coffe-machine-payment-options;the-customer-pays-with-5kr-and-10kr-coins-for-coffee" time="0.0000386">
        </testcase>
        <testcase name="And machine started" classname="coffe-machine-payment-options;the-customer-pays-with-5kr-and-10kr-coins-for-coffee" time="0.000840599">
        </testcase>
        <testcase name="Given there is enough ingrediens for the different coffees" classname="coffe-machine-payment-options;the-customer-pays-with-5kr-and-10kr-coins-for-coffee" time="0.000115899">
        </testcase>
        <testcase name="When the user inserts a &quot;annat&quot; kr coin" classname="coffe-machine-payment-options;the-customer-pays-with-5kr-and-10kr-coins-for-coffee" time="0.0001339">
        </testcase>
        <testcase name="And the user inserts a 5 kr coin" classname="coffe-machine-payment-options;the-customer-pays-with-5kr-and-10kr-coins-for-coffee" time="0.0000403">
        </testcase>
        <testcase name="And the user inserts a 0 kr coin" classname="coffe-machine-payment-options;the-customer-pays-with-5kr-and-10kr-coins-for-coffee" time="0.0000426">
        </testcase>
        <testcase name="Then check if there is enough money for the coffee" classname="coffe-machine-payment-options;the-customer-pays-with-5kr-and-10kr-coins-for-coffee" time="0.0000595">
        </testcase>
        <testcase name="And if right amount then activate button for chosen coffee" classname="coffe-machine-payment-options;the-customer-pays-with-5kr-and-10kr-coins-for-coffee" time="0.000059801">
        </testcase>
        <testcase name="And press one of the dispense buttons" classname="coffe-machine-payment-options;the-customer-pays-with-5kr-and-10kr-coins-for-coffee" time="0.000056899">
        </testcase>
        <testcase name="And the user recieves the &quot;nothing&quot; that was paid for." classname="coffe-machine-payment-options;the-customer-pays-with-5kr-and-10kr-coins-for-coffee" time="0.000033299">
        </testcase>
    </testsuite>
</testsuites>