<?xml version="1.0" encoding="UTF-8"?>
<testsuites>
    <testsuite name="coffe-machine-payment-options;" tests="13" failures="0" skipped="13">
        <properties>
            <property name="URI" value="C:/Users/Max/Desktop/myCoffeMachine/features/coffe-machine-payment.feature">
            </property>
        </properties>
        <testcase name="Given that the machine has 3 options of coffes: Black coffee, caffe latte and mocha." classname="coffe-machine-payment-options;">
            <skipped message="">
            </skipped>
        </testcase>
        <testcase name="And has a display screen to show these options" classname="coffe-machine-payment-options;">
            <skipped message="">
            </skipped>
        </testcase>
        <testcase name="When the display screen has power show 3 different options of coffee" classname="coffe-machine-payment-options;">
            <skipped message="">
            </skipped>
        </testcase>
        <testcase name="And when the user click/choose one option ask for insert a 10 kr" classname="coffe-machine-payment-options;">
            <skipped message="">
            </skipped>
        </testcase>
        <testcase name="And the user inserts a 0 kr" classname="coffe-machine-payment-options;">
            <skipped message="">
            </skipped>
        </testcase>
        <testcase name="And the user inserts a 0 kr" classname="coffe-machine-payment-options;">
            <skipped message="">
            </skipped>
        </testcase>
        <testcase name="And the user can also use blip &lt;cardMoney1&gt; kr" classname="coffe-machine-payment-options;">
            <skipped message="">
            </skipped>
        </testcase>
        <testcase name="Then display the chosen coffee button dispense button" classname="coffe-machine-payment-options;">
            <skipped message="">
            </skipped>
        </testcase>
        <testcase name="And presses one of the chosen 3 &lt;options1&gt; buttons" classname="coffe-machine-payment-options;">
            <skipped message="">
            </skipped>
        </testcase>
        <testcase name="And presses one of the chosen 3 &lt;options2&gt; buttons" classname="coffe-machine-payment-options;">
            <skipped message="">
            </skipped>
        </testcase>
        <testcase name="And presses one of the chosen 3 &lt;options3&gt; buttons" classname="coffe-machine-payment-options;">
            <skipped message="">
            </skipped>
        </testcase>
        <testcase name="And show the dispense coffee &quot;button&quot;" classname="coffe-machine-payment-options;">
            <skipped message="">
            </skipped>
        </testcase>
        <testcase name="And the user recives the coffee" classname="coffe-machine-payment-options;">
            <skipped message="">
            </skipped>
        </testcase>
    </testsuite>
    <testsuite name="coffe-machine-payment-options;" tests="13" failures="0" skipped="13">
        <properties>
            <property name="URI" value="C:/Users/Max/Desktop/myCoffeMachine/features/coffe-machine-payment.feature">
            </property>
        </properties>
        <testcase name="Given that the machine has 3 options of coffes: Black coffee, caffe latte and mocha." classname="coffe-machine-payment-options;">
            <skipped message="">
            </skipped>
        </testcase>
        <testcase name="And has a display screen to show these options" classname="coffe-machine-payment-options;">
            <skipped message="">
            </skipped>
        </testcase>
        <testcase name="When the display screen has power show 3 different options of coffee" classname="coffe-machine-payment-options;">
            <skipped message="">
            </skipped>
        </testcase>
        <testcase name="And when the user click/choose one option ask for insert a 10 kr" classname="coffe-machine-payment-options;">
            <skipped message="">
            </skipped>
        </testcase>
        <testcase name="And the user inserts a 5 kr" classname="coffe-machine-payment-options;">
            <skipped message="">
            </skipped>
        </testcase>
        <testcase name="And the user inserts a 0 kr" classname="coffe-machine-payment-options;">
            <skipped message="">
            </skipped>
        </testcase>
        <testcase name="And the user can also use blip &lt;cardMoney1&gt; kr" classname="coffe-machine-payment-options;">
            <skipped message="">
            </skipped>
        </testcase>
        <testcase name="Then display the chosen coffee button dispense button" classname="coffe-machine-payment-options;">
            <skipped message="">
            </skipped>
        </testcase>
        <testcase name="And presses one of the chosen 3 &lt;options1&gt; buttons" classname="coffe-machine-payment-options;">
            <skipped message="">
            </skipped>
        </testcase>
        <testcase name="And presses one of the chosen 3 &lt;options2&gt; buttons" classname="coffe-machine-payment-options;">
            <skipped message="">
            </skipped>
        </testcase>
        <testcase name="And presses one of the chosen 3 &lt;options3&gt; buttons" classname="coffe-machine-payment-options;">
            <skipped message="">
            </skipped>
        </testcase>
        <testcase name="And show the dispense coffee &quot;button&quot;" classname="coffe-machine-payment-options;">
            <skipped message="">
            </skipped>
        </testcase>
        <testcase name="And the user recives the coffee" classname="coffe-machine-payment-options;">
            <skipped message="">
            </skipped>
        </testcase>
    </testsuite>
    <testsuite name="coffe-machine-payment-options;" tests="13" failures="0" skipped="13">
        <properties>
            <property name="URI" value="C:/Users/Max/Desktop/myCoffeMachine/features/coffe-machine-payment.feature">
            </property>
        </properties>
        <testcase name="Given that the machine has 3 options of coffes: Black coffee, caffe latte and mocha." classname="coffe-machine-payment-options;">
            <skipped message="">
            </skipped>
        </testcase>
        <testcase name="And has a display screen to show these options" classname="coffe-machine-payment-options;">
            <skipped message="">
            </skipped>
        </testcase>
        <testcase name="When the display screen has power show 3 different options of coffee" classname="coffe-machine-payment-options;">
            <skipped message="">
            </skipped>
        </testcase>
        <testcase name="And when the user click/choose one option ask for insert a 5 kr" classname="coffe-machine-payment-options;">
            <skipped message="">
            </skipped>
        </testcase>
        <testcase name="And the user inserts a 5 kr" classname="coffe-machine-payment-options;">
            <skipped message="">
            </skipped>
        </testcase>
        <testcase name="And the user inserts a 5 kr" classname="coffe-machine-payment-options;">
            <skipped message="">
            </skipped>
        </testcase>
        <testcase name="And the user can also use blip &lt;cardMoney1&gt; kr" classname="coffe-machine-payment-options;">
            <skipped message="">
            </skipped>
        </testcase>
        <testcase name="Then display the chosen coffee button dispense button" classname="coffe-machine-payment-options;">
            <skipped message="">
            </skipped>
        </testcase>
        <testcase name="And presses one of the chosen 3 &lt;options1&gt; buttons" classname="coffe-machine-payment-options;">
            <skipped message="">
            </skipped>
        </testcase>
        <testcase name="And presses one of the chosen 3 &lt;options2&gt; buttons" classname="coffe-machine-payment-options;">
            <skipped message="">
            </skipped>
        </testcase>
        <testcase name="And presses one of the chosen 3 &lt;options3&gt; buttons" classname="coffe-machine-payment-options;">
            <skipped message="">
            </skipped>
        </testcase>
        <testcase name="And show the dispense coffee &quot;button&quot;" classname="coffe-machine-payment-options;">
            <skipped message="">
            </skipped>
        </testcase>
        <testcase name="And the user recives the coffee" classname="coffe-machine-payment-options;">
            <skipped message="">
            </skipped>
        </testcase>
    </testsuite>
    <testsuite name="coffe-machine-payment-options;" tests="13" failures="0" skipped="13">
        <properties>
            <property name="URI" value="C:/Users/Max/Desktop/myCoffeMachine/features/coffe-machine-payment.feature">
            </property>
        </properties>
        <testcase name="Given that the machine has 3 options of coffes: Black coffee, caffe latte and mocha." classname="coffe-machine-payment-options;">
            <skipped message="">
            </skipped>
        </testcase>
        <testcase name="And has a display screen to show these options" classname="coffe-machine-payment-options;">
            <skipped message="">
            </skipped>
        </testcase>
        <testcase name="When the display screen has power show 3 different options of coffee" classname="coffe-machine-payment-options;">
            <skipped message="">
            </skipped>
        </testcase>
        <testcase name="And when the user click/choose one option ask for insert a &quot;annat&quot; kr" classname="coffe-machine-payment-options;">
            <skipped message="">
            </skipped>
        </testcase>
        <testcase name="And the user inserts a 5 kr" classname="coffe-machine-payment-options;">
            <skipped message="">
            </skipped>
        </testcase>
        <testcase name="And the user inserts a 5 kr" classname="coffe-machine-payment-options;">
            <skipped message="">
            </skipped>
        </testcase>
        <testcase name="And the user can also use blip &lt;cardMoney1&gt; kr" classname="coffe-machine-payment-options;">
            <skipped message="">
            </skipped>
        </testcase>
        <testcase name="Then display the chosen coffee button dispense button" classname="coffe-machine-payment-options;">
            <skipped message="">
            </skipped>
        </testcase>
        <testcase name="And presses one of the chosen 3 &lt;options1&gt; buttons" classname="coffe-machine-payment-options;">
            <skipped message="">
            </skipped>
        </testcase>
        <testcase name="And presses one of the chosen 3 &lt;options2&gt; buttons" classname="coffe-machine-payment-options;">
            <skipped message="">
            </skipped>
        </testcase>
        <testcase name="And presses one of the chosen 3 &lt;options3&gt; buttons" classname="coffe-machine-payment-options;">
            <skipped message="">
            </skipped>
        </testcase>
        <testcase name="And show the dispense coffee &quot;button&quot;" classname="coffe-machine-payment-options;">
            <skipped message="">
            </skipped>
        </testcase>
        <testcase name="And the user recives the coffee" classname="coffe-machine-payment-options;">
            <skipped message="">
            </skipped>
        </testcase>
    </testsuite>
    <testsuite name="coffe-machine-payment-options;" tests="13" failures="0" skipped="13">
        <properties>
            <property name="URI" value="C:/Users/Max/Desktop/myCoffeMachine/features/coffe-machine-payment.feature">
            </property>
        </properties>
        <testcase name="Given that the machine has 3 options of coffes: Black coffee, caffe latte and mocha." classname="coffe-machine-payment-options;">
            <skipped message="">
            </skipped>
        </testcase>
        <testcase name="And has a display screen to show these options" classname="coffe-machine-payment-options;">
            <skipped message="">
            </skipped>
        </testcase>
        <testcase name="When the display screen has power show 3 different options of coffee" classname="coffe-machine-payment-options;">
            <skipped message="">
            </skipped>
        </testcase>
        <testcase name="And when the user click/choose one option ask for insert a 10 kr" classname="coffe-machine-payment-options;">
            <skipped message="">
            </skipped>
        </testcase>
        <testcase name="And the user inserts a &quot;annat&quot; kr" classname="coffe-machine-payment-options;">
            <skipped message="">
            </skipped>
        </testcase>
        <testcase name="And the user inserts a 0 kr" classname="coffe-machine-payment-options;">
            <skipped message="">
            </skipped>
        </testcase>
        <testcase name="And the user can also use blip &lt;cardMoney1&gt; kr" classname="coffe-machine-payment-options;">
            <skipped message="">
            </skipped>
        </testcase>
        <testcase name="Then display the chosen coffee button dispense button" classname="coffe-machine-payment-options;">
            <skipped message="">
            </skipped>
        </testcase>
        <testcase name="And presses one of the chosen 3 &lt;options1&gt; buttons" classname="coffe-machine-payment-options;">
            <skipped message="">
            </skipped>
        </testcase>
        <testcase name="And presses one of the chosen 3 &lt;options2&gt; buttons" classname="coffe-machine-payment-options;">
            <skipped message="">
            </skipped>
        </testcase>
        <testcase name="And presses one of the chosen 3 &lt;options3&gt; buttons" classname="coffe-machine-payment-options;">
            <skipped message="">
            </skipped>
        </testcase>
        <testcase name="And show the dispense coffee &quot;button&quot;" classname="coffe-machine-payment-options;">
            <skipped message="">
            </skipped>
        </testcase>
        <testcase name="And the user recives the coffee" classname="coffe-machine-payment-options;">
            <skipped message="">
            </skipped>
        </testcase>
    </testsuite>
    <testsuite name="coffe-machine-payment-options;" tests="13" failures="0" skipped="13">
        <properties>
            <property name="URI" value="C:/Users/Max/Desktop/myCoffeMachine/features/coffe-machine-payment.feature">
            </property>
        </properties>
        <testcase name="Given that the machine has 3 options of coffes: Black coffee, caffe latte and mocha." classname="coffe-machine-payment-options;">
            <skipped message="">
            </skipped>
        </testcase>
        <testcase name="And has a display screen to show these options" classname="coffe-machine-payment-options;">
            <skipped message="">
            </skipped>
        </testcase>
        <testcase name="When the display screen has power show 3 different options of coffee" classname="coffe-machine-payment-options;">
            <skipped message="">
            </skipped>
        </testcase>
        <testcase name="And when the user click/choose one option ask for insert a &lt;money1&gt; kr" classname="coffe-machine-payment-options;">
            <skipped message="">
            </skipped>
        </testcase>
        <testcase name="And the user inserts a &lt;money2&gt; kr" classname="coffe-machine-payment-options;">
            <skipped message="">
            </skipped>
        </testcase>
        <testcase name="And the user inserts a &lt;money3&gt; kr" classname="coffe-machine-payment-options;">
            <skipped message="">
            </skipped>
        </testcase>
        <testcase name="And the user can also use blip 10 kr" classname="coffe-machine-payment-options;">
            <skipped message="">
            </skipped>
        </testcase>
        <testcase name="Then display the chosen coffee button dispense button" classname="coffe-machine-payment-options;">
            <skipped message="">
            </skipped>
        </testcase>
        <testcase name="And presses one of the chosen 3 &lt;options1&gt; buttons" classname="coffe-machine-payment-options;">
            <skipped message="">
            </skipped>
        </testcase>
        <testcase name="And presses one of the chosen 3 &lt;options2&gt; buttons" classname="coffe-machine-payment-options;">
            <skipped message="">
            </skipped>
        </testcase>
        <testcase name="And presses one of the chosen 3 &lt;options3&gt; buttons" classname="coffe-machine-payment-options;">
            <skipped message="">
            </skipped>
        </testcase>
        <testcase name="And show the dispense coffee &quot;button&quot;" classname="coffe-machine-payment-options;">
            <skipped message="">
            </skipped>
        </testcase>
        <testcase name="And the user recives the coffee" classname="coffe-machine-payment-options;">
            <skipped message="">
            </skipped>
        </testcase>
    </testsuite>
    <testsuite name="coffe-machine-payment-options;" tests="13" failures="0" skipped="13">
        <properties>
            <property name="URI" value="C:/Users/Max/Desktop/myCoffeMachine/features/coffe-machine-payment.feature">
            </property>
        </properties>
        <testcase name="Given that the machine has 3 options of coffes: Black coffee, caffe latte and mocha." classname="coffe-machine-payment-options;">
            <skipped message="">
            </skipped>
        </testcase>
        <testcase name="And has a display screen to show these options" classname="coffe-machine-payment-options;">
            <skipped message="">
            </skipped>
        </testcase>
        <testcase name="When the display screen has power show 3 different options of coffee" classname="coffe-machine-payment-options;">
            <skipped message="">
            </skipped>
        </testcase>
        <testcase name="And when the user click/choose one option ask for insert a &lt;money1&gt; kr" classname="coffe-machine-payment-options;">
            <skipped message="">
            </skipped>
        </testcase>
        <testcase name="And the user inserts a &lt;money2&gt; kr" classname="coffe-machine-payment-options;">
            <skipped message="">
            </skipped>
        </testcase>
        <testcase name="And the user inserts a &lt;money3&gt; kr" classname="coffe-machine-payment-options;">
            <skipped message="">
            </skipped>
        </testcase>
        <testcase name="And the user can also use blip 15 kr" classname="coffe-machine-payment-options;">
            <skipped message="">
            </skipped>
        </testcase>
        <testcase name="Then display the chosen coffee button dispense button" classname="coffe-machine-payment-options;">
            <skipped message="">
            </skipped>
        </testcase>
        <testcase name="And presses one of the chosen 3 &lt;options1&gt; buttons" classname="coffe-machine-payment-options;">
            <skipped message="">
            </skipped>
        </testcase>
        <testcase name="And presses one of the chosen 3 &lt;options2&gt; buttons" classname="coffe-machine-payment-options;">
            <skipped message="">
            </skipped>
        </testcase>
        <testcase name="And presses one of the chosen 3 &lt;options3&gt; buttons" classname="coffe-machine-payment-options;">
            <skipped message="">
            </skipped>
        </testcase>
        <testcase name="And show the dispense coffee &quot;button&quot;" classname="coffe-machine-payment-options;">
            <skipped message="">
            </skipped>
        </testcase>
        <testcase name="And the user recives the coffee" classname="coffe-machine-payment-options;">
            <skipped message="">
            </skipped>
        </testcase>
    </testsuite>
    <testsuite name="coffe-machine-payment-options;" tests="13" failures="0" skipped="13">
        <properties>
            <property name="URI" value="C:/Users/Max/Desktop/myCoffeMachine/features/coffe-machine-payment.feature">
            </property>
        </properties>
        <testcase name="Given that the machine has 3 options of coffes: Black coffee, caffe latte and mocha." classname="coffe-machine-payment-options;">
            <skipped message="">
            </skipped>
        </testcase>
        <testcase name="And has a display screen to show these options" classname="coffe-machine-payment-options;">
            <skipped message="">
            </skipped>
        </testcase>
        <testcase name="When the display screen has power show 3 different options of coffee" classname="coffe-machine-payment-options;">
            <skipped message="">
            </skipped>
        </testcase>
        <testcase name="And when the user click/choose one option ask for insert a &lt;money1&gt; kr" classname="coffe-machine-payment-options;">
            <skipped message="">
            </skipped>
        </testcase>
        <testcase name="And the user inserts a &lt;money2&gt; kr" classname="coffe-machine-payment-options;">
            <skipped message="">
            </skipped>
        </testcase>
        <testcase name="And the user inserts a &lt;money3&gt; kr" classname="coffe-machine-payment-options;">
            <skipped message="">
            </skipped>
        </testcase>
        <testcase name="And the user can also use blip &quot;annat&quot; kr" classname="coffe-machine-payment-options;">
            <skipped message="">
            </skipped>
        </testcase>
        <testcase name="Then display the chosen coffee button dispense button" classname="coffe-machine-payment-options;">
            <skipped message="">
            </skipped>
        </testcase>
        <testcase name="And presses one of the chosen 3 &lt;options1&gt; buttons" classname="coffe-machine-payment-options;">
            <skipped message="">
            </skipped>
        </testcase>
        <testcase name="And presses one of the chosen 3 &lt;options2&gt; buttons" classname="coffe-machine-payment-options;">
            <skipped message="">
            </skipped>
        </testcase>
        <testcase name="And presses one of the chosen 3 &lt;options3&gt; buttons" classname="coffe-machine-payment-options;">
            <skipped message="">
            </skipped>
        </testcase>
        <testcase name="And show the dispense coffee &quot;button&quot;" classname="coffe-machine-payment-options;">
            <skipped message="">
            </skipped>
        </testcase>
        <testcase name="And the user recives the coffee" classname="coffe-machine-payment-options;">
            <skipped message="">
            </skipped>
        </testcase>
    </testsuite>
    <testsuite name="coffe-machine-payment-options;" tests="13" failures="0" skipped="13">
        <properties>
            <property name="URI" value="C:/Users/Max/Desktop/myCoffeMachine/features/coffe-machine-payment.feature">
            </property>
        </properties>
        <testcase name="Given that the machine has 3 options of coffes: Black coffee, caffe latte and mocha." classname="coffe-machine-payment-options;">
            <skipped message="">
            </skipped>
        </testcase>
        <testcase name="And has a display screen to show these options" classname="coffe-machine-payment-options;">
            <skipped message="">
            </skipped>
        </testcase>
        <testcase name="When the display screen has power show 3 different options of coffee" classname="coffe-machine-payment-options;">
            <skipped message="">
            </skipped>
        </testcase>
        <testcase name="And when the user click/choose one option ask for insert a &lt;money1&gt; kr" classname="coffe-machine-payment-options;">
            <skipped message="">
            </skipped>
        </testcase>
        <testcase name="And the user inserts a &lt;money2&gt; kr" classname="coffe-machine-payment-options;">
            <skipped message="">
            </skipped>
        </testcase>
        <testcase name="And the user inserts a &lt;money3&gt; kr" classname="coffe-machine-payment-options;">
            <skipped message="">
            </skipped>
        </testcase>
        <testcase name="And the user can also use blip &lt;cardMoney1&gt; kr" classname="coffe-machine-payment-options;">
            <skipped message="">
            </skipped>
        </testcase>
        <testcase name="Then display the chosen coffee button dispense button" classname="coffe-machine-payment-options;">
            <skipped message="">
            </skipped>
        </testcase>
        <testcase name="And presses one of the chosen 3 blackCoffe buttons" classname="coffe-machine-payment-options;">
            <skipped message="">
            </skipped>
        </testcase>
        <testcase name="And presses one of the chosen 3 denied buttons" classname="coffe-machine-payment-options;">
            <skipped message="">
            </skipped>
        </testcase>
        <testcase name="And presses one of the chosen 3 denied buttons" classname="coffe-machine-payment-options;">
            <skipped message="">
            </skipped>
        </testcase>
        <testcase name="And show the dispense coffee &quot;button&quot;" classname="coffe-machine-payment-options;">
            <skipped message="">
            </skipped>
        </testcase>
        <testcase name="And the user recives the coffee" classname="coffe-machine-payment-options;">
            <skipped message="">
            </skipped>
        </testcase>
    </testsuite>
    <testsuite name="coffe-machine-payment-options;" tests="13" failures="0" skipped="13">
        <properties>
            <property name="URI" value="C:/Users/Max/Desktop/myCoffeMachine/features/coffe-machine-payment.feature">
            </property>
        </properties>
        <testcase name="Given that the machine has 3 options of coffes: Black coffee, caffe latte and mocha." classname="coffe-machine-payment-options;">
            <skipped message="">
            </skipped>
        </testcase>
        <testcase name="And has a display screen to show these options" classname="coffe-machine-payment-options;">
            <skipped message="">
            </skipped>
        </testcase>
        <testcase name="When the display screen has power show 3 different options of coffee" classname="coffe-machine-payment-options;">
            <skipped message="">
            </skipped>
        </testcase>
        <testcase name="And when the user click/choose one option ask for insert a &lt;money1&gt; kr" classname="coffe-machine-payment-options;">
            <skipped message="">
            </skipped>
        </testcase>
        <testcase name="And the user inserts a &lt;money2&gt; kr" classname="coffe-machine-payment-options;">
            <skipped message="">
            </skipped>
        </testcase>
        <testcase name="And the user inserts a &lt;money3&gt; kr" classname="coffe-machine-payment-options;">
            <skipped message="">
            </skipped>
        </testcase>
        <testcase name="And the user can also use blip &lt;cardMoney1&gt; kr" classname="coffe-machine-payment-options;">
            <skipped message="">
            </skipped>
        </testcase>
        <testcase name="Then display the chosen coffee button dispense button" classname="coffe-machine-payment-options;">
            <skipped message="">
            </skipped>
        </testcase>
        <testcase name="And presses one of the chosen 3 denied buttons" classname="coffe-machine-payment-options;">
            <skipped message="">
            </skipped>
        </testcase>
        <testcase name="And presses one of the chosen 3 Mocha buttons" classname="coffe-machine-payment-options;">
            <skipped message="">
            </skipped>
        </testcase>
        <testcase name="And presses one of the chosen 3 denied buttons" classname="coffe-machine-payment-options;">
            <skipped message="">
            </skipped>
        </testcase>
        <testcase name="And show the dispense coffee &quot;button&quot;" classname="coffe-machine-payment-options;">
            <skipped message="">
            </skipped>
        </testcase>
        <testcase name="And the user recives the coffee" classname="coffe-machine-payment-options;">
            <skipped message="">
            </skipped>
        </testcase>
    </testsuite>
    <testsuite name="coffe-machine-payment-options;" tests="13" failures="0" skipped="13">
        <properties>
            <property name="URI" value="C:/Users/Max/Desktop/myCoffeMachine/features/coffe-machine-payment.feature">
            </property>
        </properties>
        <testcase name="Given that the machine has 3 options of coffes: Black coffee, caffe latte and mocha." classname="coffe-machine-payment-options;">
            <skipped message="">
            </skipped>
        </testcase>
        <testcase name="And has a display screen to show these options" classname="coffe-machine-payment-options;">
            <skipped message="">
            </skipped>
        </testcase>
        <testcase name="When the display screen has power show 3 different options of coffee" classname="coffe-machine-payment-options;">
            <skipped message="">
            </skipped>
        </testcase>
        <testcase name="And when the user click/choose one option ask for insert a &lt;money1&gt; kr" classname="coffe-machine-payment-options;">
            <skipped message="">
            </skipped>
        </testcase>
        <testcase name="And the user inserts a &lt;money2&gt; kr" classname="coffe-machine-payment-options;">
            <skipped message="">
            </skipped>
        </testcase>
        <testcase name="And the user inserts a &lt;money3&gt; kr" classname="coffe-machine-payment-options;">
            <skipped message="">
            </skipped>
        </testcase>
        <testcase name="And the user can also use blip &lt;cardMoney1&gt; kr" classname="coffe-machine-payment-options;">
            <skipped message="">
            </skipped>
        </testcase>
        <testcase name="Then display the chosen coffee button dispense button" classname="coffe-machine-payment-options;">
            <skipped message="">
            </skipped>
        </testcase>
        <testcase name="And presses one of the chosen 3 denied buttons" classname="coffe-machine-payment-options;">
            <skipped message="">
            </skipped>
        </testcase>
        <testcase name="And presses one of the chosen 3 denied buttons" classname="coffe-machine-payment-options;">
            <skipped message="">
            </skipped>
        </testcase>
        <testcase name="And presses one of the chosen 3 Latte buttons" classname="coffe-machine-payment-options;">
            <skipped message="">
            </skipped>
        </testcase>
        <testcase name="And show the dispense coffee &quot;button&quot;" classname="coffe-machine-payment-options;">
            <skipped message="">
            </skipped>
        </testcase>
        <testcase name="And the user recives the coffee" classname="coffe-machine-payment-options;">
            <skipped message="">
            </skipped>
        </testcase>
    </testsuite>
    <testsuite name="coffe-machine-inner-basics;check-the-basic-functions-for-the-coffe-machine-to-work" tests="6" failures="0" skipped="0">
        <properties>
            <property name="URI" value="C:/Users/Max/Desktop/myCoffeMachine/features/coffe-machine.feature">
            </property>
        </properties>
        <testcase name="Given that the machine is plugged in" classname="coffe-machine-inner-basics;check-the-basic-functions-for-the-coffe-machine-to-work" time="0.0005909">
        </testcase>
        <testcase name="And the water is available" classname="coffe-machine-inner-basics;check-the-basic-functions-for-the-coffe-machine-to-work" time="0.000150899">
        </testcase>
        <testcase name="And the waste is available" classname="coffe-machine-inner-basics;check-the-basic-functions-for-the-coffe-machine-to-work" time="0.0001684">
        </testcase>
        <testcase name="When the machine has power" classname="coffe-machine-inner-basics;check-the-basic-functions-for-the-coffe-machine-to-work" time="0.0001092">
        </testcase>
        <testcase name="Then press the start &quot;button&quot; to start the machine" classname="coffe-machine-inner-basics;check-the-basic-functions-for-the-coffe-machine-to-work" time="0.000101699">
        </testcase>
        <testcase name="And machine started" classname="coffe-machine-inner-basics;check-the-basic-functions-for-the-coffe-machine-to-work" time="0.0000896">
        </testcase>
    </testsuite>
    <testsuite name="coffe-machine-inner-basics;check-the-coffee-machine-coolers-functions" tests="7" failures="0" skipped="0">
        <properties>
            <property name="URI" value="C:/Users/Max/Desktop/myCoffeMachine/features/coffe-machine.feature">
            </property>
        </properties>
        <testcase name="Given that the coffe machine fan has power" classname="coffe-machine-inner-basics;check-the-coffee-machine-coolers-functions" time="0.0001266">
        </testcase>
        <testcase name="And that the cooler for the milk has power" classname="coffe-machine-inner-basics;check-the-coffee-machine-coolers-functions" time="0.0001468">
        </testcase>
        <testcase name="And that the coooler thermometer is connected to the cooler" classname="coffe-machine-inner-basics;check-the-coffee-machine-coolers-functions" time="0.000189">
        </testcase>
        <testcase name="When the machine has power" classname="coffe-machine-inner-basics;check-the-coffee-machine-coolers-functions" time="0.0000608">
        </testcase>
        <testcase name="Then check if the fan is on" classname="coffe-machine-inner-basics;check-the-coffee-machine-coolers-functions" time="0.000194">
        </testcase>
        <testcase name="And that the milk cooler is on" classname="coffe-machine-inner-basics;check-the-coffee-machine-coolers-functions" time="0.0000785">
        </testcase>
        <testcase name="And the check the cooler temperature" classname="coffe-machine-inner-basics;check-the-coffee-machine-coolers-functions" time="0.0001696">
        </testcase>
    </testsuite>
    <testsuite name="coffe-machine-inner-basics;check-the-coffee-machine-scales/weighs-for-the-coffee-machine" tests="5" failures="0" skipped="0">
        <properties>
            <property name="URI" value="C:/Users/Max/Desktop/myCoffeMachine/features/coffe-machine.feature">
            </property>
        </properties>
        <testcase name="Given that the machine is plugged in" classname="coffe-machine-inner-basics;check-the-coffee-machine-scales/weighs-for-the-coffee-machine" time="0.0000757">
        </testcase>
        <testcase name="And that the scales/weighs have power" classname="coffe-machine-inner-basics;check-the-coffee-machine-scales/weighs-for-the-coffee-machine" time="0.0001964">
        </testcase>
        <testcase name="When the scales/weighs have power weigh the amount of coffe in the containers" classname="coffe-machine-inner-basics;check-the-coffee-machine-scales/weighs-for-the-coffee-machine" time="0.000209299">
        </testcase>
        <testcase name="And get the machine to return the amount of coffee that is inside containers" classname="coffe-machine-inner-basics;check-the-coffee-machine-scales/weighs-for-the-coffee-machine" time="0.0000979">
        </testcase>
        <testcase name="Then return a warning when about to run low on coffee" classname="coffe-machine-inner-basics;check-the-coffee-machine-scales/weighs-for-the-coffee-machine" time="0.000244901">
        </testcase>
    </testsuite>
    <testsuite name="coffe-machine-inner-basics;coffee-machine-bean-grinder" tests="4" failures="0" skipped="0">
        <properties>
            <property name="URI" value="C:/Users/Max/Desktop/myCoffeMachine/features/coffe-machine.feature">
            </property>
        </properties>
        <testcase name="Given that the machine is plugged in" classname="coffe-machine-inner-basics;coffee-machine-bean-grinder" time="0.00005">
        </testcase>
        <testcase name="And that the bean grinders have power" classname="coffe-machine-inner-basics;coffee-machine-bean-grinder" time="0.0001831">
        </testcase>
        <testcase name="When bean grinder are connected to containers" classname="coffe-machine-inner-basics;coffee-machine-bean-grinder" time="0.0001751">
        </testcase>
        <testcase name="Then enable/dissable grinders" classname="coffe-machine-inner-basics;coffee-machine-bean-grinder" time="0.000067699">
        </testcase>
    </testsuite>
    <testsuite name="coffe-machine-inner-basics;coffee-machine-watertray-functions" tests="6" failures="0" skipped="0">
        <properties>
            <property name="URI" value="C:/Users/Max/Desktop/myCoffeMachine/features/coffe-machine.feature">
            </property>
        </properties>
        <testcase name="Given that the machine is plugged in" classname="coffe-machine-inner-basics;coffee-machine-watertray-functions" time="0.0000594">
        </testcase>
        <testcase name="And the water is available" classname="coffe-machine-inner-basics;coffee-machine-watertray-functions" time="0.0000619">
        </testcase>
        <testcase name="And the waste is available" classname="coffe-machine-inner-basics;coffee-machine-watertray-functions" time="0.000060499">
        </testcase>
        <testcase name="When watertray scale has power" classname="coffe-machine-inner-basics;coffee-machine-watertray-functions" time="0.0001965">
        </testcase>
        <testcase name="Then if watertray weighs a certain amount of waste" classname="coffe-machine-inner-basics;coffee-machine-watertray-functions" time="0.000217">
        </testcase>
        <testcase name="And find out if it needs to flush" classname="coffe-machine-inner-basics;coffee-machine-watertray-functions" time="0.000103199">
        </testcase>
    </testsuite>
    <testsuite name="coffe-machine-inner-basics;scale/weigh-for-milk-for-the-coffee-types" tests="4" failures="0" skipped="0">
        <properties>
            <property name="URI" value="C:/Users/Max/Desktop/myCoffeMachine/features/coffe-machine.feature">
            </property>
        </properties>
        <testcase name="Given that the machine is plugged in" classname="coffe-machine-inner-basics;scale/weigh-for-milk-for-the-coffee-types" time="0.000053501">
        </testcase>
        <testcase name="When milk scale is on" classname="coffe-machine-inner-basics;scale/weigh-for-milk-for-the-coffee-types" time="0.0001446">
        </testcase>
        <testcase name="Then weigh if there is any milk" classname="coffe-machine-inner-basics;scale/weigh-for-milk-for-the-coffee-types" time="0.0002886">
        </testcase>
        <testcase name="And warn if amount of milk is getting low" classname="coffe-machine-inner-basics;scale/weigh-for-milk-for-the-coffee-types" time="0.000156099">
        </testcase>
    </testsuite>
    <testsuite name="coffe-machine-inner-basics;amount-of-ingrediens-per-blackcoffee" tests="3" failures="0" skipped="0">
        <properties>
            <property name="URI" value="C:/Users/Max/Desktop/myCoffeMachine/features/coffe-machine.feature">
            </property>
        </properties>
        <testcase name="Given that ingrediens excists" classname="coffe-machine-inner-basics;amount-of-ingrediens-per-blackcoffee" time="0.0002132">
        </testcase>
        <testcase name="When when ingrediens excistens are confirmed" classname="coffe-machine-inner-basics;amount-of-ingrediens-per-blackcoffee" time="0.0001419">
        </testcase>
        <testcase name="Then check if there is enough for a cup black coffee" classname="coffe-machine-inner-basics;amount-of-ingrediens-per-blackcoffee" time="0.0001185">
        </testcase>
    </testsuite>
    <testsuite name="coffe-machine-inner-basics;amount-of-ingrediens-per-mochacoffee" tests="3" failures="0" skipped="0">
        <properties>
            <property name="URI" value="C:/Users/Max/Desktop/myCoffeMachine/features/coffe-machine.feature">
            </property>
        </properties>
        <testcase name="Given that ingrediens excists" classname="coffe-machine-inner-basics;amount-of-ingrediens-per-mochacoffee" time="0.0000735">
        </testcase>
        <testcase name="When when ingrediens excistens are confirmed" classname="coffe-machine-inner-basics;amount-of-ingrediens-per-mochacoffee" time="0.000048199">
        </testcase>
        <testcase name="Then check if there is enough for a cup Mocha" classname="coffe-machine-inner-basics;amount-of-ingrediens-per-mochacoffee" time="0.0001109">
        </testcase>
    </testsuite>
    <testsuite name="coffe-machine-inner-basics;amount-of-ingrediens-per-caffelatte" tests="3" failures="0" skipped="0">
        <properties>
            <property name="URI" value="C:/Users/Max/Desktop/myCoffeMachine/features/coffe-machine.feature">
            </property>
        </properties>
        <testcase name="Given that ingrediens excists" classname="coffe-machine-inner-basics;amount-of-ingrediens-per-caffelatte" time="0.000345999">
        </testcase>
        <testcase name="When when ingrediens excistens are confirmed" classname="coffe-machine-inner-basics;amount-of-ingrediens-per-caffelatte" time="0.0000632">
        </testcase>
        <testcase name="Then check if there is enough for a cup caffe Latte" classname="coffe-machine-inner-basics;amount-of-ingrediens-per-caffelatte" time="0.000116599">
        </testcase>
    </testsuite>
</testsuites>