<?xml version="1.0" encoding="UTF-8"?>
<testsuites>
    <testsuite name="coffe-machine-inner-basics;check-the-basic-functions-for-the-coffe-machine-to-work" tests="6" failures="0" skipped="0">
        <properties>
            <property name="URI" value="C:/Users/Max/Desktop/myCoffeMachine/features/coffe-machine.feature">
            </property>
        </properties>
        <testcase name="Given that the machine is plugged in" classname="coffe-machine-inner-basics;check-the-basic-functions-for-the-coffe-machine-to-work" time="0.000659">
        </testcase>
        <testcase name="And the water is available" classname="coffe-machine-inner-basics;check-the-basic-functions-for-the-coffe-machine-to-work" time="0.0001125">
        </testcase>
        <testcase name="And the waste is available" classname="coffe-machine-inner-basics;check-the-basic-functions-for-the-coffe-machine-to-work" time="0.000144699">
        </testcase>
        <testcase name="When the machine has power" classname="coffe-machine-inner-basics;check-the-basic-functions-for-the-coffe-machine-to-work" time="0.000137">
        </testcase>
        <testcase name="Then press the start &quot;button&quot; to start the machine" classname="coffe-machine-inner-basics;check-the-basic-functions-for-the-coffe-machine-to-work" time="0.0001431">
        </testcase>
        <testcase name="And machine started" classname="coffe-machine-inner-basics;check-the-basic-functions-for-the-coffe-machine-to-work" time="0.000119">
        </testcase>
    </testsuite>
    <testsuite name="coffe-machine-inner-basics;check-the-coffee-machine-coolers-functions" tests="7" failures="0" skipped="0">
        <properties>
            <property name="URI" value="C:/Users/Max/Desktop/myCoffeMachine/features/coffe-machine.feature">
            </property>
        </properties>
        <testcase name="Given that the coffe machine fan has power" classname="coffe-machine-inner-basics;check-the-coffee-machine-coolers-functions" time="0.000177299">
        </testcase>
        <testcase name="And that the cooler for the milk has power" classname="coffe-machine-inner-basics;check-the-coffee-machine-coolers-functions" time="0.0001613">
        </testcase>
        <testcase name="And that the coooler thermometer is connected to the cooler" classname="coffe-machine-inner-basics;check-the-coffee-machine-coolers-functions" time="0.0001098">
        </testcase>
        <testcase name="When the machine has power" classname="coffe-machine-inner-basics;check-the-coffee-machine-coolers-functions" time="0.000053">
        </testcase>
        <testcase name="Then check if the fan is on" classname="coffe-machine-inner-basics;check-the-coffee-machine-coolers-functions" time="0.0001023">
        </testcase>
        <testcase name="And that the milk cooler is on" classname="coffe-machine-inner-basics;check-the-coffee-machine-coolers-functions" time="0.0001024">
        </testcase>
        <testcase name="And the check the cooler temperature" classname="coffe-machine-inner-basics;check-the-coffee-machine-coolers-functions" time="0.000184301">
        </testcase>
    </testsuite>
    <testsuite name="coffe-machine-inner-basics;check-the-coffee-machine-scales/weighs-for-the-coffee-machine" tests="5" failures="0" skipped="0">
        <properties>
            <property name="URI" value="C:/Users/Max/Desktop/myCoffeMachine/features/coffe-machine.feature">
            </property>
        </properties>
        <testcase name="Given that the machine is plugged in" classname="coffe-machine-inner-basics;check-the-coffee-machine-scales/weighs-for-the-coffee-machine" time="0.000064899">
        </testcase>
        <testcase name="And that the scales/weighs have power" classname="coffe-machine-inner-basics;check-the-coffee-machine-scales/weighs-for-the-coffee-machine" time="0.000183499">
        </testcase>
        <testcase name="When the scales/weighs have power weigh the amount of coffe in the containers" classname="coffe-machine-inner-basics;check-the-coffee-machine-scales/weighs-for-the-coffee-machine" time="0.0002302">
        </testcase>
        <testcase name="And get the machine to return the amount of coffee that is inside containers" classname="coffe-machine-inner-basics;check-the-coffee-machine-scales/weighs-for-the-coffee-machine" time="0.0001125">
        </testcase>
        <testcase name="Then return a warning when about to run low on coffee" classname="coffe-machine-inner-basics;check-the-coffee-machine-scales/weighs-for-the-coffee-machine" time="0.0002973">
        </testcase>
    </testsuite>
    <testsuite name="coffe-machine-inner-basics;coffee-machine-bean-grinder" tests="4" failures="0" skipped="0">
        <properties>
            <property name="URI" value="C:/Users/Max/Desktop/myCoffeMachine/features/coffe-machine.feature">
            </property>
        </properties>
        <testcase name="Given that the machine is plugged in" classname="coffe-machine-inner-basics;coffee-machine-bean-grinder" time="0.0000561">
        </testcase>
        <testcase name="And that the bean grinders have power" classname="coffe-machine-inner-basics;coffee-machine-bean-grinder" time="0.0001649">
        </testcase>
        <testcase name="When bean grinder are connected to containers" classname="coffe-machine-inner-basics;coffee-machine-bean-grinder" time="0.0001834">
        </testcase>
        <testcase name="Then enable/dissable grinders" classname="coffe-machine-inner-basics;coffee-machine-bean-grinder" time="0.0000643">
        </testcase>
    </testsuite>
    <testsuite name="coffe-machine-inner-basics;coffee-machine-watertray-functions" tests="6" failures="0" skipped="0">
        <properties>
            <property name="URI" value="C:/Users/Max/Desktop/myCoffeMachine/features/coffe-machine.feature">
            </property>
        </properties>
        <testcase name="Given that the machine is plugged in" classname="coffe-machine-inner-basics;coffee-machine-watertray-functions" time="0.0000908">
        </testcase>
        <testcase name="And the water is available" classname="coffe-machine-inner-basics;coffee-machine-watertray-functions" time="0.0000536">
        </testcase>
        <testcase name="And the waste is available" classname="coffe-machine-inner-basics;coffee-machine-watertray-functions" time="0.0000729">
        </testcase>
        <testcase name="When watertray scale has power" classname="coffe-machine-inner-basics;coffee-machine-watertray-functions" time="0.0001772">
        </testcase>
        <testcase name="Then if watertray weighs a certain amount of waste" classname="coffe-machine-inner-basics;coffee-machine-watertray-functions" time="0.0003151">
        </testcase>
        <testcase name="And find out if it needs to flush" classname="coffe-machine-inner-basics;coffee-machine-watertray-functions" time="0.0003592">
        </testcase>
    </testsuite>
    <testsuite name="coffe-machine-inner-basics;scale/weigh-for-milk-for-the-coffee-types" tests="4" failures="0" skipped="0">
        <properties>
            <property name="URI" value="C:/Users/Max/Desktop/myCoffeMachine/features/coffe-machine.feature">
            </property>
        </properties>
        <testcase name="Given that the machine is plugged in" classname="coffe-machine-inner-basics;scale/weigh-for-milk-for-the-coffee-types" time="0.0000636">
        </testcase>
        <testcase name="When milk scale is on" classname="coffe-machine-inner-basics;scale/weigh-for-milk-for-the-coffee-types" time="0.0001762">
        </testcase>
        <testcase name="Then weigh if there is any milk" classname="coffe-machine-inner-basics;scale/weigh-for-milk-for-the-coffee-types" time="0.0002889">
        </testcase>
        <testcase name="And warn if amount of milk is getting low" classname="coffe-machine-inner-basics;scale/weigh-for-milk-for-the-coffee-types" time="0.0001429">
        </testcase>
    </testsuite>
    <testsuite name="coffe-machine-inner-basics;amount-of-ingrediens-per-blackcoffee" tests="3" failures="0" skipped="0">
        <properties>
            <property name="URI" value="C:/Users/Max/Desktop/myCoffeMachine/features/coffe-machine.feature">
            </property>
        </properties>
        <testcase name="Given that ingrediens excists" classname="coffe-machine-inner-basics;amount-of-ingrediens-per-blackcoffee" time="0.000266699">
        </testcase>
        <testcase name="When when ingrediens excistens are confirmed" classname="coffe-machine-inner-basics;amount-of-ingrediens-per-blackcoffee" time="0.000157199">
        </testcase>
        <testcase name="Then check if there is enough for a cup black coffee" classname="coffe-machine-inner-basics;amount-of-ingrediens-per-blackcoffee" time="0.0001411">
        </testcase>
    </testsuite>
    <testsuite name="coffe-machine-inner-basics;amount-of-ingrediens-per-mochacoffee" tests="3" failures="0" skipped="1">
        <properties>
            <property name="URI" value="C:/Users/Max/Desktop/myCoffeMachine/features/coffe-machine.feature">
            </property>
        </properties>
        <testcase name="Given that ingrediens excists" classname="coffe-machine-inner-basics;amount-of-ingrediens-per-mochacoffee" time="0.0001149">
        </testcase>
        <testcase name="When when ingrediens excistens are confirmed" classname="coffe-machine-inner-basics;amount-of-ingrediens-per-mochacoffee" time="0.0000672">
        </testcase>
        <testcase name="Then check if there is enough for a cup Mocha" classname="coffe-machine-inner-basics;amount-of-ingrediens-per-mochacoffee">
            <skipped message="">
            </skipped>
        </testcase>
    </testsuite>
    <testsuite name="coffe-machine-inner-basics;amount-of-ingrediens-per-caffelatte" tests="3" failures="0" skipped="1">
        <properties>
            <property name="URI" value="C:/Users/Max/Desktop/myCoffeMachine/features/coffe-machine.feature">
            </property>
        </properties>
        <testcase name="Given that ingrediens excists" classname="coffe-machine-inner-basics;amount-of-ingrediens-per-caffelatte" time="0.0000848">
        </testcase>
        <testcase name="When when ingrediens excistens are confirmed" classname="coffe-machine-inner-basics;amount-of-ingrediens-per-caffelatte" time="0.0000513">
        </testcase>
        <testcase name="Then check if there is enough for a cup caffe Latte" classname="coffe-machine-inner-basics;amount-of-ingrediens-per-caffelatte">
            <skipped message="">
            </skipped>
        </testcase>
    </testsuite>
</testsuites>